01:27:01.580 [main] INFO  org.hibernate.jpa.internal.util.LogHelper: HHH000204: Processing PersistenceUnitInfo [name: persistence]
01:27:01.641 [main] INFO  org.hibernate.Version: HHH000412: Hibernate ORM core version 6.2.0.Final
01:27:01.644 [main] INFO  org.hibernate.cfg.Environment: HHH000406: Using bytecode reflection optimizer
01:27:01.886 [main] WARN  org.hibernate.orm.connections.pooling: HHH10001002: Using built-in connection pool (not intended for production use)
01:27:01.891 [main] INFO  org.hibernate.orm.connections.pooling: HHH10001005: Loaded JDBC driver class: com.mysql.jdbc.Driver
01:27:01.892 [main] INFO  org.hibernate.orm.connections.pooling: HHH10001012: Connecting with JDBC URL [jdbc:mysql://localhost:3306/personas]
01:27:01.892 [main] INFO  org.hibernate.orm.connections.pooling: HHH10001001: Connection properties: {password=****, user=root}
01:27:01.893 [main] INFO  org.hibernate.orm.connections.pooling: HHH10001003: Autocommit mode: false
01:27:01.896 [main] INFO  org.hibernate.orm.connections.pooling: HHH10001115: Connection pool size: 20 (min=1)
01:27:02.344 [main] INFO  SQL dialect: HHH000400: Using dialect: org.hibernate.dialect.MySQLDialect
01:27:02.799 [main] INFO  org.hibernate.bytecode.internal.BytecodeProviderInitiator: HHH000021: Bytecode provider name : bytebuddy
01:27:03.831 [main] INFO  org.hibernate.engine.transaction.jta.platform.internal.JtaPlatformInitiator: HHH000490: Using JtaPlatform implementation: [org.hibernate.engine.transaction.jta.platform.internal.NoJtaPlatform]
01:27:03.869 [main] INFO  org.hibernate.orm.connections.access: HHH10001501: Connection obtained from JdbcConnectionAccess [org.hibernate.engine.jdbc.env.internal.JdbcEnvironmentInitiator$ConnectionProviderJdbcConnectionAccess@550fa96f] for (non-JTA) DDL execution was not in auto-commit mode; the Connection 'local transaction' will be committed and the Connection will be set into auto-commit mode.
01:27:04.047 [main] INFO  TestRunner: - - - - - - - > START TEST CASE: deleteEmployee
01:27:04.081 [main] INFO  tables.EmployeesTable: Getting all the employees from table...
01:27:04.411 [main] INFO  tables.EmployeesTable: Selecting a random employee...
01:27:04.412 [main] INFO  tables.EmployeesTable: Deleting employee with id: 95
01:27:04.486 [main] INFO  jpamanager.JPAManager: Entry successfully deleted
01:27:04.487 [main] INFO  tables.EmployeesTable: Returning employee with id: 95
01:27:04.502 [main] INFO  TestRunner: Test successfully executed.
01:27:04.502 [main] INFO  TestRunner: - - - - - - - > TEST CASE END 

01:27:04.585 [main] INFO  Hooks: Restoring last entry...
01:27:04.585 [main] INFO  tables.EmployeesTable: Adding employee...
01:27:04.598 [main] INFO  entities.Employee: ID: 95	First Name: Natalia	Last Name: Gonzalez	Email: natis@gmail.com	Phone number: 78962426	Address: 42 George av.	Salary: 4100.0	Birth Date: 1979-02-06 00:00:00.0	Company ID: 4	Institution ID: 3
01:27:04.624 [main] INFO  jpamanager.JPAManager: Entry successfully made
01:27:04.631 [main] INFO  TestRunner: - - - - - - - > START TEST CASE: getAllRecords
01:27:04.633 [main] INFO  tables.EmployeesTable: Getting all the employees from table...
01:27:04.640 [main] INFO  entities.Employee: ID: 64	First Name: Paola	Last Name: Ramirez	Email: paos@gmail.com	Phone number: 6324584	Address: 37 George st.	Salary: 3050.0	Birth Date: 1990-05-07 00:00:00.0	Company ID: 1	Institution ID: 1
01:27:04.642 [main] INFO  entities.Employee: ID: 74	First Name: Goku	Last Name: Kameja	Email: gokuz@gmail.com	Phone number: 523657563	Address: 96 Toohey rd	Salary: 2900.0	Birth Date: 1985-05-23 00:00:00.0	Company ID: 5	Institution ID: 3
01:27:04.642 [main] INFO  entities.Employee: ID: 83	First Name: Vegueta	Last Name: Vegito	Email: vegueta@gmail.com	Phone number: 00NotANumber11	Address: 15 Adelade st	Salary: 3800.0	Birth Date: 1982-04-16 00:00:00.0	Company ID: 5	Institution ID: 2
01:27:04.644 [main] ERROR TestRunner: Test Failed with message: Phone number of employee with ID 83 is not a number
Expected: a string matching the pattern '^\d+$'
     but: was "00NotANumber11"
01:27:04.644 [main] INFO  TestRunner: - - - - - - - > TEST CASE END 

01:27:04.652 [main] INFO  TestRunner: - - - - - - - > START TEST CASE: getEmployeeByLastName
01:27:04.753 [main] INFO  TestRunner: Searching for employee with last name: Perez
01:27:04.753 [main] INFO  tables.EmployeesTable: Returning employee with last name: Perez
01:27:04.823 [main] INFO  TestRunner: Test successfully executed.
01:27:04.824 [main] INFO  TestRunner: - - - - - - - > TEST CASE END 

01:27:04.827 [main] INFO  TestRunner: - - - - - - - > START TEST CASE: insertNewEmployee
01:27:04.830 [main] INFO  tables.EmployeesTable: Adding random employee...
01:27:04.885 [main] INFO  entities.Employee: ID: 153	First Name: Tavon	Last Name: Elsie	Email: Bob_London191@dbxli.media	Phone number: 7379334	Address: N36 3, Casa 6	Salary: 7910216.0	Birth Date: Mon May 06 00:00:00 COT 1996	Company ID: 4	Institution ID: 1
01:27:04.894 [main] INFO  jpamanager.JPAManager: Entry successfully made
01:27:04.894 [main] INFO  tables.EmployeesTable: Returning employee with id: 153
01:27:04.895 [main] INFO  TestRunner: Test successfully executed.
01:27:04.895 [main] INFO  TestRunner: - - - - - - - > TEST CASE END 

01:27:04.898 [main] INFO  Hooks: Deleting last entry...
01:27:04.899 [main] INFO  tables.EmployeesTable: Deleting employee with id: 153
01:27:04.907 [main] INFO  jpamanager.JPAManager: Entry successfully deleted
01:27:04.910 [main] INFO  TestRunner: - - - - - - - > START TEST CASE: updateEmployeeEmail
01:27:04.913 [main] INFO  tables.EmployeesTable: Getting all the employees from table...
01:27:04.919 [main] INFO  tables.EmployeesTable: Selecting a random employee...
01:27:04.924 [main] INFO  tables.EmployeesTable: Updating email from employee with id 83 to: Danny_Cassidy1670@voylg.org
01:27:04.945 [main] INFO  jpamanager.JPAManager: Entry successfully updated
01:27:04.945 [main] INFO  tables.EmployeesTable: Returning employee with id: 83
01:27:04.945 [main] INFO  TestRunner: Test successfully executed.
01:27:04.945 [main] INFO  TestRunner: - - - - - - - > TEST CASE END 

01:27:04.949 [main] INFO  Hooks: Restoring last email...
01:27:04.950 [main] INFO  tables.EmployeesTable: Updating email from employee with id 83 to: vegueta@gmail.com
01:27:04.960 [main] INFO  jpamanager.JPAManager: Entry successfully updated
01:27:04.972 [main] INFO  TestRunner: Test run: 5, Passed: 4, Failures: 1, Skipped: 0
